<?xml version="1.0" encoding="UTF-8"?>
<!-- Generated by org.testng.reporters.JUnitReportReporter -->
<testsuite hostname="Kanwar07" failures="0" tests="1" name="frameTest.Test_1" time="176.691" errors="0" timestamp="2023-06-21T11:41:27 IST" skipped="0">
  <testcase classname="frameTest.Test_1" name="test12" time="176.691"/>
  <system-out/>
</testsuite> <!-- frameTest.Test_1 -->
